Using pre-set license
Built from '2020.3/staging' branch; Version is '2020.3.25f1 (9b9180224418) revision 10195328'; Using compiler version '192528614'; Build Type 'Release'
OS: 'Windows 11  (10.0.22621) 64bit Professional' Language: 'en' Physical Memory: 12111 MB
BatchMode: 1, IsHumanControllingUs: 0, StartBugReporterOnCrash: 0, Is64bit: 1, IsPro: 0

COMMAND LINE ARGUMENTS:
F:\Unity\Editor\2020.3.25f1\Editor\Unity.exe
-adb2
-batchMode
-noUpm
-name
AssetImportWorker0
-projectPath
C:/Users/Umar/Documents/GitHub/Mobile-Survival-Game/mobile game
-logFile
Logs/AssetImportWorker0.log
-srvPort
64526
Successfully changed project path to: C:/Users/Umar/Documents/GitHub/Mobile-Survival-Game/mobile game
C:/Users/Umar/Documents/GitHub/Mobile-Survival-Game/mobile game
Using Asset Import Pipeline V2.
Refreshing native plugins compatible for Editor in 79.64 ms, found 2 plugins.
Preloading 0 native plugins for Editor in 0.00 ms.
Initialize engine version: 2020.3.25f1 (9b9180224418)
[Subsystems] Discovering subsystems at path F:/Unity/Editor/2020.3.25f1/Editor/Data/Resources/UnitySubsystems
[Subsystems] Discovering subsystems at path C:/Users/Umar/Documents/GitHub/Mobile-Survival-Game/mobile game/Assets
GfxDevice: creating device client; threaded=0
Direct3D:
    Version:  Direct3D 11.0 [level 11.1]
    Renderer: Intel(R) UHD Graphics 630 (ID=0x3e91)
    Vendor:   
    VRAM:     6055 MB
    Driver:   30.0.101.1692
Initialize mono
Mono path[0] = 'F:/Unity/Editor/2020.3.25f1/Editor/Data/Managed'
Mono path[1] = 'F:/Unity/Editor/2020.3.25f1/Editor/Data/MonoBleedingEdge/lib/mono/unityjit'
Mono config path = 'F:/Unity/Editor/2020.3.25f1/Editor/Data/MonoBleedingEdge/etc'
Using monoOptions --debugger-agent=transport=dt_socket,embedding=1,server=y,suspend=n,address=127.0.0.1:56176
Begin MonoManager ReloadAssembly
Registering precompiled unity dll's ...
Register platform support module: F:/Unity/Editor/2020.3.25f1/Editor/Data/PlaybackEngines/WindowsStandaloneSupport/UnityEditor.WindowsStandalone.Extensions.dll
Registered in 0.000993 seconds.
Native extension for WindowsStandalone target not found
Refreshing native plugins compatible for Editor in 82.61 ms, found 2 plugins.
Preloading 0 native plugins for Editor in 0.00 ms.
Mono: successfully reloaded assembly
- Completed reload, in  0.707 seconds
Domain Reload Profiling:
	ReloadAssembly (708ms)
		BeginReloadAssembly (51ms)
			ExecutionOrderSort (0ms)
			DisableScriptedObjects (0ms)
			BackupInstance (0ms)
			ReleaseScriptingObjects (0ms)
			CreateAndSetChildDomain (1ms)
		EndReloadAssembly (566ms)
			LoadAssemblies (51ms)
			RebuildTransferFunctionScriptingTraits (0ms)
			SetupTypeCache (171ms)
			ReleaseScriptCaches (0ms)
			RebuildScriptCaches (32ms)
			SetupLoadedEditorAssemblies (224ms)
				LogAssemblyErrors (0ms)
				InitializePlatformSupportModulesInManaged (4ms)
				SetLoadedEditorAssemblies (0ms)
				RefreshPlugins (83ms)
				BeforeProcessingInitializeOnLoad (17ms)
				ProcessInitializeOnLoadAttributes (90ms)
				ProcessInitializeOnLoadMethodAttributes (31ms)
				AfterProcessingInitializeOnLoad (0ms)
				EditorAssembliesLoaded (0ms)
			ExecutionOrderSort2 (0ms)
			AwakeInstancesAfterBackupRestoration (0ms)
Platform modules already initialized, skipping
Registering precompiled user dll's ...
Registered in 0.010549 seconds.
Begin MonoManager ReloadAssembly
Native extension for WindowsStandalone target not found
Refreshing native plugins compatible for Editor in 113.73 ms, found 2 plugins.
Preloading 0 native plugins for Editor in 0.00 ms.
Mono: successfully reloaded assembly
- Completed reload, in  1.397 seconds
Domain Reload Profiling:
	ReloadAssembly (1398ms)
		BeginReloadAssembly (150ms)
			ExecutionOrderSort (0ms)
			DisableScriptedObjects (6ms)
			BackupInstance (0ms)
			ReleaseScriptingObjects (0ms)
			CreateAndSetChildDomain (19ms)
		EndReloadAssembly (1190ms)
			LoadAssemblies (92ms)
			RebuildTransferFunctionScriptingTraits (0ms)
			SetupTypeCache (327ms)
			ReleaseScriptCaches (0ms)
			RebuildScriptCaches (57ms)
			SetupLoadedEditorAssemblies (578ms)
				LogAssemblyErrors (0ms)
				InitializePlatformSupportModulesInManaged (4ms)
				SetLoadedEditorAssemblies (0ms)
				RefreshPlugins (114ms)
				BeforeProcessingInitializeOnLoad (104ms)
				ProcessInitializeOnLoadAttributes (267ms)
				ProcessInitializeOnLoadMethodAttributes (87ms)
				AfterProcessingInitializeOnLoad (2ms)
				EditorAssembliesLoaded (0ms)
			ExecutionOrderSort2 (0ms)
			AwakeInstancesAfterBackupRestoration (7ms)
Platform modules already initialized, skipping
========================================================================
Worker process is ready to serve import requests
Launched and connected shader compiler UnityShaderCompiler.exe after 0.07 seconds
Refreshing native plugins compatible for Editor in 0.75 ms, found 2 plugins.
Preloading 0 native plugins for Editor in 0.00 ms.
Unloading 2316 Unused Serialized files (Serialized files now loaded: 0)
System memory in use before: 144.3 MB.
System memory in use after: 144.2 MB.

Unloading 37 unused Assets to reduce memory usage. Loaded Objects now: 2782.
Total: 3.765100 ms (FindLiveObjects: 0.221100 ms CreateObjectMapping: 0.137000 ms MarkObjects: 3.127500 ms  DeleteObjects: 0.278200 ms)

AssetImportParameters requested are different than current active one (requested -> active):
  custom:framework-win-MediaFoundation: 216162199b28c13a410421893ffa2e32 -> 
  custom:video-decoder-ogg-theora: a1e56fd34408186e4bbccfd4996cb3dc -> 
  custom:container-muxer-webm: aa71ff27fc2769a1b78a27578f13a17b -> 
  custom:container-demuxer-webm: 4f35f7cbe854078d1ac9338744f61a02 -> 
  custom:container-demuxer-ogg: 62fdf1f143b41e24485cea50d1cbac27 -> 
  custom:video-encoder-webm-vp8: eb34c28f22e8b96e1ab97ce403110664 -> 
  custom:video-decoder-webm-vp8: 9c59270c3fd7afecdb556c50c9e8de78 -> 
  custom:audio-decoder-ogg-vorbis: bf7c407c2cedff20999df2af8eb42d56 -> 
  custom:audio-encoder-webm-vorbis: bf7c407c2cedff20999df2af8eb42d56 -> 
========================================================================
Received Import Request.
  path: Assets/3d AssetsFor use
  artifactKey: Guid(3dcec1bb0973fe74c9128e5a51ee4c7d) Importer(815301076,1909f56bfc062723c751e8b465ee728b)
Start importing Assets/3d AssetsFor use using Guid(3dcec1bb0973fe74c9128e5a51ee4c7d) Importer(815301076,1909f56bfc062723c751e8b465ee728b)  -> (artifact id: 'eba1bddd3b710d741908f2e9eaaf569f') in 0.012896 seconds 
  Import took 0.017979 seconds .

========================================================================
Received Import Request.
  Time since last request: 32.973956 seconds.
  path: Assets/3d Assets For use
  artifactKey: Guid(3dcec1bb0973fe74c9128e5a51ee4c7d) Importer(815301076,1909f56bfc062723c751e8b465ee728b)
Start importing Assets/3d Assets For use using Guid(3dcec1bb0973fe74c9128e5a51ee4c7d) Importer(815301076,1909f56bfc062723c751e8b465ee728b)  -> (artifact id: '8b53708fa69e08d0c74c99e63f0d3d01') in 0.011262 seconds 
  Import took 0.023154 seconds .

========================================================================
Received Import Request.
  Time since last request: 50.860478 seconds.
  path: Assets/3D Assets/Rocks/Rock4.prefab
  artifactKey: Guid(bf2bf28620ff6de4d981172a380af613) Importer(815301076,1909f56bfc062723c751e8b465ee728b)
Start importing Assets/3D Assets/Rocks/Rock4.prefab using Guid(bf2bf28620ff6de4d981172a380af613) Importer(815301076,1909f56bfc062723c751e8b465ee728b)  -> (artifact id: '44af7f11792be940a2b4bafa5b2ea212') in 0.425498 seconds 
  Import took 0.430683 seconds .

========================================================================
Received Import Request.
  Time since last request: 29.919345 seconds.
  path: Assets/Assets For use
  artifactKey: Guid(3dcec1bb0973fe74c9128e5a51ee4c7d) Importer(815301076,1909f56bfc062723c751e8b465ee728b)
Start importing Assets/Assets For use using Guid(3dcec1bb0973fe74c9128e5a51ee4c7d) Importer(815301076,1909f56bfc062723c751e8b465ee728b)  -> (artifact id: '4b45fbb48ccd2113226113f3e634944e') in 0.010720 seconds 
  Import took 0.016518 seconds .

========================================================================
Received Import Request.
  Time since last request: 4.849679 seconds.
  path: Assets/3D Assets/Zombie/Zombie1.prefab
  artifactKey: Guid(c34bc60f5b42b6a49aaf9500335a1673) Importer(815301076,1909f56bfc062723c751e8b465ee728b)
Start importing Assets/3D Assets/Zombie/Zombie1.prefab using Guid(c34bc60f5b42b6a49aaf9500335a1673) Importer(815301076,1909f56bfc062723c751e8b465ee728b)  -> (artifact id: '8d63e513b2148a9372b31679f3f4e2c9') in 0.397787 seconds 
  Import took 0.403968 seconds .

========================================================================
Received Import Request.
  Time since last request: 24.883286 seconds.
  path: Assets/3D Assets/UI Prefabs/Building Canas.prefab
  artifactKey: Guid(75b30f8840c995e4ab27681321a4cf02) Importer(815301076,1909f56bfc062723c751e8b465ee728b)
Start importing Assets/3D Assets/UI Prefabs/Building Canas.prefab using Guid(75b30f8840c995e4ab27681321a4cf02) Importer(815301076,1909f56bfc062723c751e8b465ee728b)  -> (artifact id: '6d20c540d842b537747d444cad051a49') in 0.107594 seconds 
  Import took 0.115353 seconds .

========================================================================
Received Import Request.
  Time since last request: 0.000308 seconds.
  path: Assets/3D Assets/UI Prefabs/Main Panel.prefab
  artifactKey: Guid(0ec63b44dc9639c46a5344e0cd4b65aa) Importer(815301076,1909f56bfc062723c751e8b465ee728b)
Start importing Assets/3D Assets/UI Prefabs/Main Panel.prefab using Guid(0ec63b44dc9639c46a5344e0cd4b65aa) Importer(815301076,1909f56bfc062723c751e8b465ee728b)  -> (artifact id: '675cc082eec510fec2a39bb5e0daba39') in 0.063069 seconds 
  Import took 0.070425 seconds .

========================================================================
Received Prepare
Registering precompiled user dll's ...
Registered in 0.007151 seconds.
Begin MonoManager ReloadAssembly
Native extension for WindowsStandalone target not found
Refreshing native plugins compatible for Editor in 0.89 ms, found 2 plugins.
Preloading 0 native plugins for Editor in 0.00 ms.
Mono: successfully reloaded assembly
- Completed reload, in  1.758 seconds
Domain Reload Profiling:
	ReloadAssembly (1759ms)
		BeginReloadAssembly (189ms)
			ExecutionOrderSort (0ms)
			DisableScriptedObjects (9ms)
			BackupInstance (0ms)
			ReleaseScriptingObjects (0ms)
			CreateAndSetChildDomain (58ms)
		EndReloadAssembly (1486ms)
			LoadAssemblies (134ms)
			RebuildTransferFunctionScriptingTraits (0ms)
			SetupTypeCache (459ms)
			ReleaseScriptCaches (1ms)
			RebuildScriptCaches (63ms)
			SetupLoadedEditorAssemblies (598ms)
				LogAssemblyErrors (0ms)
				InitializePlatformSupportModulesInManaged (4ms)
				SetLoadedEditorAssemblies (1ms)
				RefreshPlugins (1ms)
				BeforeProcessingInitializeOnLoad (103ms)
				ProcessInitializeOnLoadAttributes (354ms)
				ProcessInitializeOnLoadMethodAttributes (128ms)
				AfterProcessingInitializeOnLoad (2ms)
				EditorAssembliesLoaded (5ms)
			ExecutionOrderSort2 (0ms)
			AwakeInstancesAfterBackupRestoration (9ms)
Platform modules already initialized, skipping
Switching build target platform(19) subTarget(0) extendedPlatform(0) -> platform(13) subTarget(537395200) extendedPlatform(0)
Refreshing native plugins compatible for Editor in 0.80 ms, found 2 plugins.
Preloading 0 native plugins for Editor in 0.00 ms.
Unloading 2222 Unused Serialized files (Serialized files now loaded: 0)
System memory in use before: 150.9 MB.
System memory in use after: 150.8 MB.

Unloading 35 unused Assets to reduce memory usage. Loaded Objects now: 2794.
Total: 6.282600 ms (FindLiveObjects: 0.694100 ms CreateObjectMapping: 0.341700 ms MarkObjects: 4.838800 ms  DeleteObjects: 0.405200 ms)

AssetImportParameters requested are different than current active one (requested -> active):
  custom:framework-win-MediaFoundation: 216162199b28c13a410421893ffa2e32 -> 
  custom:video-decoder-ogg-theora: a1e56fd34408186e4bbccfd4996cb3dc -> 
  custom:container-muxer-webm: aa71ff27fc2769a1b78a27578f13a17b -> 
  custom:container-demuxer-webm: 4f35f7cbe854078d1ac9338744f61a02 -> 
  custom:container-demuxer-ogg: 62fdf1f143b41e24485cea50d1cbac27 -> 
  custom:video-encoder-webm-vp8: eb34c28f22e8b96e1ab97ce403110664 -> 
  custom:video-decoder-webm-vp8: 9c59270c3fd7afecdb556c50c9e8de78 -> 
  custom:graphics/normal-map-encoding: 01000000000000000000000000000000 -> 02000000000000000000000000000000
  custom:audio-decoder-ogg-vorbis: bf7c407c2cedff20999df2af8eb42d56 -> 
  custom:audio-encoder-webm-vorbis: bf7c407c2cedff20999df2af8eb42d56 -> 
AssetImportWorkerClient::OnTransportError - code=2 error=End of file
